<?xml version="1.0" encoding="UTF-8"?>
<!-- Generated by org.testng.reporters.JUnitReportReporter -->
<testsuite skipped="0" hostname="DESKTOP-9DB4JJ0" name="sampleTest1.SampleTest1" tests="1" failures="0" timestamp="11 Oct 2021 11:37:10 GMT" time="16.046" errors="0">
  <testcase name="loginTest" time="16.046" classname="sampleTest1.SampleTest1"/>
</testsuite> <!-- sampleTest1.SampleTest1 -->
